<?xml version="1.0" encoding="UTF-8"?>
<!-- Generated by org.testng.reporters.JUnitReportReporter -->
<testsuite hostname="Ashish" failures="0" tests="1" name="MyBasicPraCTICE.mYtEST1" time="4.177" errors="0" timestamp="2024-12-13T00:06:49 IST" skipped="0">
  <testcase classname="MyBasicPraCTICE.mYtEST1" name="method1" time="4.177"/>
  <system-out/>
</testsuite> <!-- MyBasicPraCTICE.mYtEST1 -->
